<html>
<head>
<title>TestNG:  Test3</title>
<link href="../testng.css" rel="stylesheet" type="text/css" />
<link href="../my-testng.css" rel="stylesheet" type="text/css" />

<style type="text/css">
.log { display: none;} 
.stack-trace { display: none;} 
</style>
<script type="text/javascript">
<!--
function flip(e) {
  current = e.style.display;
  if (current == 'block') {
    e.style.display = 'none';
    return 0;
  }
  else {
    e.style.display = 'block';
    return 1;
  }
}

function toggleBox(szDivId, elem, msg1, msg2)
{
  var res = -1;  if (document.getElementById) {
    res = flip(document.getElementById(szDivId));
  }
  else if (document.all) {
    // this is the way old msie versions work
    res = flip(document.all[szDivId]);
  }
  if(elem) {
    if(res == 0) elem.innerHTML = msg1; else elem.innerHTML = msg2;
  }

}

function toggleAllBoxes() {
  if (document.getElementsByTagName) {
    d = document.getElementsByTagName('div');
    for (i = 0; i < d.length; i++) {
      if (d[i].className == 'log') {
        flip(d[i]);
      }
    }
  }
}

// -->
</script>

</head>
<body>
<h2 align='center'>Test3</h2><table border='1' align="center">
<tr>
<td>Tests passed/Failed/Skipped:</td><td>18/1/0</td>
</tr><tr>
<td>Started on:</td><td>Sat Jun 03 13:56:28 EET 2023</td>
</tr>
<tr><td>Total time:</td><td>150 seconds (150120 ms)</td>
</tr><tr>
<td>Included groups:</td><td></td>
</tr><tr>
<td>Excluded groups:</td><td></td>
</tr>
</table><p/>
<small><i>(Hover the method name to see the test class name)</i></small><p/>
<table width='100%' border='1' class='invocation-failed'>
<tr><td colspan='4' align='center'><b>FAILED TESTS</b></td></tr>
<tr><td><b>Test method</b></td>
<td width="30%"><b>Exception</b></td>
<td width="10%"><b>Time (seconds)</b></td>
<td><b>Instance</b></td>
</tr>
<tr>
<td title='tests.FooterTests.testServicesFooterLinks()'><b>testServicesFooterLinks</b><br>Test class: tests.FooterTests</td>
<td><div><pre>org.openqa.selenium.NoSuchElementException: no such element: Unable to locate element: {&quot;method&quot;:&quot;css selector&quot;,&quot;selector&quot;:&quot;.heading&quot;}
  (Session info: MicrosoftEdge=113.0.1774.57)
For documentation on this error, please visit: https://selenium.dev/exceptions/#no_such_element
Build info: version: &apos;4.8.1&apos;, revision: &apos;8ebccac989&apos;
System info: os.name: &apos;Windows 11&apos;, os.arch: &apos;amd64&apos;, os.version: &apos;10.0&apos;, java.version: &apos;17.0.6&apos;
Driver info: org.openqa.selenium.edge.EdgeDriver
Command: [848c5bb9659301362eb2d9050120f7d5, findElement {using=class name, value=heading}]
Capabilities {acceptInsecureCerts: false, browserName: msedge, browserVersion: 113.0.1774.57, ms:edgeOptions: {debuggerAddress: localhost:50499}, msedge: {msedgedriverVersion: 113.0.1774.57 (b3b212deff59..., userDataDir: C:\Users\USER\AppData\Local...}, networkConnectionEnabled: false, pageLoadStrategy: normal, platformName: WINDOWS, proxy: Proxy(), se:cdp: ws://localhost:50499/devtoo..., se:cdpVersion: 113.0.1774.57, setWindowRect: true, strictFileInteractability: false, timeouts: {implicit: 0, pageLoad: 300000, script: 30000}, unhandledPromptBehavior: dismiss and notify, webauthn:extension:credBlob: true, webauthn:extension:largeBlob: true, webauthn:extension:minPinLength: true, webauthn:extension:prf: true, webauthn:virtualAuthenticators: true}
Session ID: 848c5bb9659301362eb2d9050120f7d5
	at org.openqa.selenium.remote.codec.w3c.W3CHttpResponseCodec.createException(W3CHttpResponseCodec.java:200)
	at org.openqa.selenium.remote.codec.w3c.W3CHttpResponseCodec.decode(W3CHttpResponseCodec.java:133)
	at org.openqa.selenium.remote.codec.w3c.W3CHttpResponseCodec.decode(W3CHttpResponseCodec.java:53)
	at org.openqa.selenium.remote.HttpCommandExecutor.execute(HttpCommandExecutor.java:184)
	at org.openqa.selenium.remote.service.DriverCommandExecutor.invokeExecute(DriverCommandExecutor.java:167)
	at org.openqa.selenium.remote.service.DriverCommandExecutor.execute(DriverCommandExecutor.java:142)
	at org.openqa.selenium.remote.RemoteWebDriver.execute(RemoteWebDriver.java:543)
	at org.openqa.selenium.remote.ElementLocation$ElementFinder$2.findElement(ElementLocation.java:162)
	at org.openqa.selenium.remote.ElementLocation.findElement(ElementLocation.java:66)
	at org.openqa.selenium.remote.RemoteWebDriver.findElement(RemoteWebDriver.java:352)
	at org.openqa.selenium.remote.RemoteWebDriver.findElement(RemoteWebDriver.java:344)
	at tests.FooterTests.testServicesFooterLinks(FooterTests.java:39)
	at java.base/java.util.ArrayList.forEach(ArrayList.java:1511)
	at java.base/java.util.concurrent.FutureTask.run(FutureTask.java:264)
	at java.base/java.util.concurrent.ThreadPoolExecutor.runWorker(ThreadPoolExecutor.java:1136)
	at java.base/java.util.concurrent.ThreadPoolExecutor$Worker.run(ThreadPoolExecutor.java:635)
	at java.base/java.lang.Thread.run(Thread.java:833)
... Removed 23 stack frames</pre></div><a href='#' onClick='toggleBox("stack-trace932263289", this, "Click to show all stack frames", "Click to hide stack frames")'>Click to show all stack frames</a>
<div class='stack-trace' id='stack-trace932263289'><pre>org.openqa.selenium.NoSuchElementException: no such element: Unable to locate element: {&quot;method&quot;:&quot;css selector&quot;,&quot;selector&quot;:&quot;.heading&quot;}
  (Session info: MicrosoftEdge=113.0.1774.57)
For documentation on this error, please visit: https://selenium.dev/exceptions/#no_such_element
Build info: version: &apos;4.8.1&apos;, revision: &apos;8ebccac989&apos;
System info: os.name: &apos;Windows 11&apos;, os.arch: &apos;amd64&apos;, os.version: &apos;10.0&apos;, java.version: &apos;17.0.6&apos;
Driver info: org.openqa.selenium.edge.EdgeDriver
Command: [848c5bb9659301362eb2d9050120f7d5, findElement {using=class name, value=heading}]
Capabilities {acceptInsecureCerts: false, browserName: msedge, browserVersion: 113.0.1774.57, ms:edgeOptions: {debuggerAddress: localhost:50499}, msedge: {msedgedriverVersion: 113.0.1774.57 (b3b212deff59..., userDataDir: C:\Users\USER\AppData\Local...}, networkConnectionEnabled: false, pageLoadStrategy: normal, platformName: WINDOWS, proxy: Proxy(), se:cdp: ws://localhost:50499/devtoo..., se:cdpVersion: 113.0.1774.57, setWindowRect: true, strictFileInteractability: false, timeouts: {implicit: 0, pageLoad: 300000, script: 30000}, unhandledPromptBehavior: dismiss and notify, webauthn:extension:credBlob: true, webauthn:extension:largeBlob: true, webauthn:extension:minPinLength: true, webauthn:extension:prf: true, webauthn:virtualAuthenticators: true}
Session ID: 848c5bb9659301362eb2d9050120f7d5
	at java.base/jdk.internal.reflect.NativeConstructorAccessorImpl.newInstance0(Native Method)
	at java.base/jdk.internal.reflect.NativeConstructorAccessorImpl.newInstance(NativeConstructorAccessorImpl.java:77)
	at java.base/jdk.internal.reflect.DelegatingConstructorAccessorImpl.newInstance(DelegatingConstructorAccessorImpl.java:45)
	at java.base/java.lang.reflect.Constructor.newInstanceWithCaller(Constructor.java:499)
	at java.base/java.lang.reflect.Constructor.newInstance(Constructor.java:480)
	at org.openqa.selenium.remote.codec.w3c.W3CHttpResponseCodec.createException(W3CHttpResponseCodec.java:200)
	at org.openqa.selenium.remote.codec.w3c.W3CHttpResponseCodec.decode(W3CHttpResponseCodec.java:133)
	at org.openqa.selenium.remote.codec.w3c.W3CHttpResponseCodec.decode(W3CHttpResponseCodec.java:53)
	at org.openqa.selenium.remote.HttpCommandExecutor.execute(HttpCommandExecutor.java:184)
	at org.openqa.selenium.remote.service.DriverCommandExecutor.invokeExecute(DriverCommandExecutor.java:167)
	at org.openqa.selenium.remote.service.DriverCommandExecutor.execute(DriverCommandExecutor.java:142)
	at org.openqa.selenium.remote.RemoteWebDriver.execute(RemoteWebDriver.java:543)
	at org.openqa.selenium.remote.ElementLocation$ElementFinder$2.findElement(ElementLocation.java:162)
	at org.openqa.selenium.remote.ElementLocation.findElement(ElementLocation.java:66)
	at org.openqa.selenium.remote.RemoteWebDriver.findElement(RemoteWebDriver.java:352)
	at org.openqa.selenium.remote.RemoteWebDriver.findElement(RemoteWebDriver.java:344)
	at tests.FooterTests.testServicesFooterLinks(FooterTests.java:39)
	at java.base/jdk.internal.reflect.NativeMethodAccessorImpl.invoke0(Native Method)
	at java.base/jdk.internal.reflect.NativeMethodAccessorImpl.invoke(NativeMethodAccessorImpl.java:77)
	at java.base/jdk.internal.reflect.DelegatingMethodAccessorImpl.invoke(DelegatingMethodAccessorImpl.java:43)
	at java.base/java.lang.reflect.Method.invoke(Method.java:568)
	at org.testng.internal.MethodInvocationHelper.invokeMethod(MethodInvocationHelper.java:133)
	at org.testng.internal.TestInvoker.invokeMethod(TestInvoker.java:598)
	at org.testng.internal.TestInvoker.invokeTestMethod(TestInvoker.java:173)
	at org.testng.internal.MethodRunner.runInSequence(MethodRunner.java:46)
	at org.testng.internal.TestInvoker$MethodInvocationAgent.invoke(TestInvoker.java:824)
	at org.testng.internal.TestInvoker.invokeTestMethods(TestInvoker.java:146)
	at org.testng.internal.TestMethodWorker.invokeTestMethods(TestMethodWorker.java:146)
	at org.testng.internal.TestMethodWorker.run(TestMethodWorker.java:128)
	at java.base/java.util.ArrayList.forEach(ArrayList.java:1511)
	at org.testng.TestRunner.privateRun(TestRunner.java:794)
	at org.testng.TestRunner.run(TestRunner.java:596)
	at org.testng.SuiteRunner.runTest(SuiteRunner.java:377)
	at org.testng.SuiteRunner.access$000(SuiteRunner.java:28)
	at org.testng.SuiteRunner$SuiteWorker.run(SuiteRunner.java:418)
	at org.testng.internal.thread.ThreadUtil.lambda$execute$0(ThreadUtil.java:64)
	at java.base/java.util.concurrent.FutureTask.run(FutureTask.java:264)
	at java.base/java.util.concurrent.ThreadPoolExecutor.runWorker(ThreadPoolExecutor.java:1136)
	at java.base/java.util.concurrent.ThreadPoolExecutor$Worker.run(ThreadPoolExecutor.java:635)
	at java.base/java.lang.Thread.run(Thread.java:833)
</pre></div></td>
<td>3</td>
<td>tests.FooterTests@13d5606c</td></tr>
</table><p>
<table width='100%' border='1' class='invocation-passed'>
<tr><td colspan='4' align='center'><b>PASSED TESTS</b></td></tr>
<tr><td><b>Test method</b></td>
<td width="30%"><b>Exception</b></td>
<td width="10%"><b>Time (seconds)</b></td>
<td><b>Instance</b></td>
</tr>
<tr>
<td title='tests.NewAccountTests.openSavingAccounts()'><b>openSavingAccounts</b><br>Test class: tests.NewAccountTests</td>
<td></td>
<td>3</td>
<td>tests.NewAccountTests@713e49c3</td></tr>
<tr>
<td title='tests.RegisterTestCases.successfulRegister()'><b>successfulRegister</b><br>Test class: tests.RegisterTestCases</td>
<td></td>
<td>5</td>
<td>tests.RegisterTestCases@3c98981e</td></tr>
<tr>
<td title='tests.FooterTests.testForumFooterLinks()'><b>testForumFooterLinks</b><br>Test class: tests.FooterTests</td>
<td></td>
<td>9</td>
<td>tests.FooterTests@13d5606c</td></tr>
<tr>
<td title='tests.RegisterTestCases.unsuccessfulRegister_NoPassword()'><b>unsuccessfulRegister_NoPassword</b><br>Test class: tests.RegisterTestCases</td>
<td></td>
<td>4</td>
<td>tests.RegisterTestCases@3c98981e</td></tr>
<tr>
<td title='tests.RegisterTestCases.unsuccessfulRegister_NoUserNmae()'><b>unsuccessfulRegister_NoUserNmae</b><br>Test class: tests.RegisterTestCases</td>
<td></td>
<td>4</td>
<td>tests.RegisterTestCases@3c98981e</td></tr>
<tr>
<td title='tests.LogInTestCases.invalidLogIn_NoUserName()'><b>invalidLogIn_NoUserName</b><br>Test class: tests.LogInTestCases</td>
<td></td>
<td>2</td>
<td>tests.LogInTestCases@6dcee890</td></tr>
<tr>
<td title='tests.LogInTestCases.invalidLogIn_NoPassword()'><b>invalidLogIn_NoPassword</b><br>Test class: tests.LogInTestCases</td>
<td></td>
<td>3</td>
<td>tests.LogInTestCases@6dcee890</td></tr>
<tr>
<td title='tests.NewAccountTests.openCheckingAccounts()'><b>openCheckingAccounts</b><br>Test class: tests.NewAccountTests</td>
<td></td>
<td>3</td>
<td>tests.NewAccountTests@713e49c3</td></tr>
<tr>
<td title='tests.LogInTestCases.invalidLogIn_wrongCredintials()'><b>invalidLogIn_wrongCredintials</b><br>Test class: tests.LogInTestCases</td>
<td></td>
<td>3</td>
<td>tests.LogInTestCases@6dcee890</td></tr>
<tr>
<td title='tests.RegisterTestCases.unsuccessfulRegister_differentPassword()'><b>unsuccessfulRegister_differentPassword</b><br>Test class: tests.RegisterTestCases</td>
<td></td>
<td>5</td>
<td>tests.RegisterTestCases@3c98981e</td></tr>
<tr>
<td title='tests.LogInTestCases.validLogIn()'><b>validLogIn</b><br>Test class: tests.LogInTestCases</td>
<td></td>
<td>4</td>
<td>tests.LogInTestCases@6dcee890</td></tr>
<tr>
<td title='tests.FooterTests.testSiteMapFooterLinks()'><b>testSiteMapFooterLinks</b><br>Test class: tests.FooterTests</td>
<td></td>
<td>2</td>
<td>tests.FooterTests@13d5606c</td></tr>
<tr>
<td title='tests.FooterTests.testContactUsFooterLinks()'><b>testContactUsFooterLinks</b><br>Test class: tests.FooterTests</td>
<td></td>
<td>2</td>
<td>tests.FooterTests@13d5606c</td></tr>
<tr>
<td title='tests.FooterTests.testHomeFooterLinks()'><b>testHomeFooterLinks</b><br>Test class: tests.FooterTests</td>
<td></td>
<td>2</td>
<td>tests.FooterTests@13d5606c</td></tr>
<tr>
<td title='tests.FooterTests.testAboutUsFooterLinks()'><b>testAboutUsFooterLinks</b><br>Test class: tests.FooterTests</td>
<td></td>
<td>3</td>
<td>tests.FooterTests@13d5606c</td></tr>
<tr>
<td title='tests.FooterTests.testLocationFooterLinks()'><b>testLocationFooterLinks</b><br>Test class: tests.FooterTests</td>
<td></td>
<td>9</td>
<td>tests.FooterTests@13d5606c</td></tr>
<tr>
<td title='tests.LogInTestCases.invalidLogIn_NoCredintials()'><b>invalidLogIn_NoCredintials</b><br>Test class: tests.LogInTestCases</td>
<td></td>
<td>3</td>
<td>tests.LogInTestCases@6dcee890</td></tr>
<tr>
<td title='tests.FooterTests.testProductsFooterLinks()'><b>testProductsFooterLinks</b><br>Test class: tests.FooterTests</td>
<td></td>
<td>14</td>
<td>tests.FooterTests@13d5606c</td></tr>
</table><p>
</body>
</html>