<?xml version="1.0" encoding="UTF-8"?>
<!-- Generated by org.testng.reporters.JUnitXMLReporter -->
<testsuite ignored="0" hostname="DESKTOP-LJUN8GS" failures="1" tests="19" name="Test2" time="140.567" errors="0" timestamp="2023-06-03T13:58:49 EET">
  <testcase classname="tests.RegisterTestCases" name="successfulRegister" time="5.195"/>
  <testcase classname="tests.RegisterTestCases" name="unsuccessfulRegister_NoPassword" time="3.236"/>
  <testcase classname="tests.RegisterTestCases" name="unsuccessfulRegister_NoUserNmae" time="3.09"/>
  <testcase classname="tests.RegisterTestCases" name="unsuccessfulRegister_differentPassword" time="4.346"/>
  <testcase classname="tests.LogInTestCases" name="invalidLogIn_NoCredintials" time="3.472"/>
  <testcase classname="tests.LogInTestCases" name="invalidLogIn_NoPassword" time="2.076"/>
  <testcase classname="tests.LogInTestCases" name="invalidLogIn_NoUserName" time="2.715"/>
  <testcase classname="tests.LogInTestCases" name="invalidLogIn_wrongCredintials" time="2.469"/>
  <testcase classname="tests.LogInTestCases" name="validLogIn" time="6.053"/>
  <testcase classname="tests.NewAccountTests" name="openCheckingAccounts" time="3.015"/>
  <testcase classname="tests.NewAccountTests" name="openSavingAccounts" time="4.302"/>
  <testcase classname="tests.FooterTests" name="testAboutUsFooterLinks" time="3.693"/>
  <testcase classname="tests.FooterTests" name="testContactUsFooterLinks" time="2.235"/>
  <testcase classname="tests.FooterTests" name="testForumFooterLinks" time="11.107"/>
  <testcase classname="tests.FooterTests" name="testHomeFooterLinks" time="3.609"/>
  <testcase classname="tests.FooterTests" name="testLocationFooterLinks" time="9.738"/>
  <testcase classname="tests.FooterTests" name="testProductsFooterLinks" time="7.282"/>
  <testcase classname="tests.FooterTests" name="testServicesFooterLinks" time="3.966">
    <failure type="org.openqa.selenium.NoSuchElementException" message="Unable to locate element: .heading
For documentation on this error, please visit: https://selenium.dev/exceptions/#no_such_element
Build info: version: &amp;apos;4.8.1&amp;apos;, revision: &amp;apos;8ebccac989&amp;apos;
System info: os.name: &amp;apos;Windows 11&amp;apos;, os.arch: &amp;apos;amd64&amp;apos;, os.version: &amp;apos;10.0&amp;apos;, java.version: &amp;apos;17.0.6&amp;apos;
Driver info: org.openqa.selenium.firefox.FirefoxDriver
Command: [f2d3f722-c21f-4ba1-bd11-c8965e8ec053, findElement {using=class name, value=heading}]
Capabilities {acceptInsecureCerts: true, browserName: firefox, browserVersion: 113.0.2, moz:accessibilityChecks: false, moz:buildID: 20230522134052, moz:debuggerAddress: 127.0.0.1:37293, moz:geckodriverVersion: 0.33.0, moz:headless: false, moz:platformVersion: 10.0, moz:processID: 9072, moz:profile: C:\Users\USER\AppData\Local..., moz:shutdownTimeout: 60000, moz:useNonSpecCompliantPointerOrigin: false, moz:webdriverClick: true, moz:windowless: false, pageLoadStrategy: normal, platformName: WINDOWS, proxy: Proxy(), se:cdp: ws://127.0.0.1:37293/devtoo..., se:cdpVersion: 85.0, setWindowRect: true, strictFileInteractability: false, timeouts: {implicit: 0, pageLoad: 300000, script: 30000}, unhandledPromptBehavior: dismiss and notify}
Session ID: f2d3f722-c21f-4ba1-bd11-c8965e8ec053">
      <![CDATA[org.openqa.selenium.NoSuchElementException: Unable to locate element: .heading
For documentation on this error, please visit: https://selenium.dev/exceptions/#no_such_element
Build info: version: '4.8.1', revision: '8ebccac989'
System info: os.name: 'Windows 11', os.arch: 'amd64', os.version: '10.0', java.version: '17.0.6'
Driver info: org.openqa.selenium.firefox.FirefoxDriver
Command: [f2d3f722-c21f-4ba1-bd11-c8965e8ec053, findElement {using=class name, value=heading}]
Capabilities {acceptInsecureCerts: true, browserName: firefox, browserVersion: 113.0.2, moz:accessibilityChecks: false, moz:buildID: 20230522134052, moz:debuggerAddress: 127.0.0.1:37293, moz:geckodriverVersion: 0.33.0, moz:headless: false, moz:platformVersion: 10.0, moz:processID: 9072, moz:profile: C:\Users\USER\AppData\Local..., moz:shutdownTimeout: 60000, moz:useNonSpecCompliantPointerOrigin: false, moz:webdriverClick: true, moz:windowless: false, pageLoadStrategy: normal, platformName: WINDOWS, proxy: Proxy(), se:cdp: ws://127.0.0.1:37293/devtoo..., se:cdpVersion: 85.0, setWindowRect: true, strictFileInteractability: false, timeouts: {implicit: 0, pageLoad: 300000, script: 30000}, unhandledPromptBehavior: dismiss and notify}
Session ID: f2d3f722-c21f-4ba1-bd11-c8965e8ec053
at org.openqa.selenium.remote.codec.w3c.W3CHttpResponseCodec.createException(W3CHttpResponseCodec.java:200)
at org.openqa.selenium.remote.codec.w3c.W3CHttpResponseCodec.decode(W3CHttpResponseCodec.java:133)
at org.openqa.selenium.remote.codec.w3c.W3CHttpResponseCodec.decode(W3CHttpResponseCodec.java:53)
at org.openqa.selenium.remote.HttpCommandExecutor.execute(HttpCommandExecutor.java:184)
at org.openqa.selenium.remote.service.DriverCommandExecutor.invokeExecute(DriverCommandExecutor.java:167)
at org.openqa.selenium.remote.service.DriverCommandExecutor.execute(DriverCommandExecutor.java:142)
at org.openqa.selenium.remote.RemoteWebDriver.execute(RemoteWebDriver.java:543)
at org.openqa.selenium.remote.ElementLocation$ElementFinder$2.findElement(ElementLocation.java:162)
at org.openqa.selenium.remote.ElementLocation.findElement(ElementLocation.java:66)
at org.openqa.selenium.remote.RemoteWebDriver.findElement(RemoteWebDriver.java:352)
at org.openqa.selenium.remote.RemoteWebDriver.findElement(RemoteWebDriver.java:344)
at tests.FooterTests.testServicesFooterLinks(FooterTests.java:39)
at java.base/java.util.ArrayList.forEach(ArrayList.java:1511)
at java.base/java.util.concurrent.FutureTask.run(FutureTask.java:264)
at java.base/java.util.concurrent.ThreadPoolExecutor.runWorker(ThreadPoolExecutor.java:1136)
at java.base/java.util.concurrent.ThreadPoolExecutor$Worker.run(ThreadPoolExecutor.java:635)
at java.base/java.lang.Thread.run(Thread.java:833)
... Removed 23 stack frames]]>
    </failure>
  </testcase> <!-- testServicesFooterLinks -->
  <testcase classname="tests.FooterTests" name="testSiteMapFooterLinks" time="3.877"/>
</testsuite> <!-- Test2 -->
