<?xml version="1.0" encoding="UTF-8"?>
<!-- Generated by org.testng.reporters.JUnitXMLReporter -->
<testsuite ignored="0" hostname="DESKTOP-LJUN8GS" failures="1" tests="19" name="Test3" time="150.12" errors="0" timestamp="2023-06-03T13:58:58 EET">
  <testcase classname="tests.RegisterTestCases" name="successfulRegister" time="5.31"/>
  <testcase classname="tests.RegisterTestCases" name="unsuccessfulRegister_NoPassword" time="4.944"/>
  <testcase classname="tests.RegisterTestCases" name="unsuccessfulRegister_NoUserNmae" time="4.863"/>
  <testcase classname="tests.RegisterTestCases" name="unsuccessfulRegister_differentPassword" time="5.178"/>
  <testcase classname="tests.LogInTestCases" name="invalidLogIn_NoCredintials" time="3.744"/>
  <testcase classname="tests.LogInTestCases" name="invalidLogIn_NoPassword" time="3.928"/>
  <testcase classname="tests.LogInTestCases" name="invalidLogIn_NoUserName" time="2.942"/>
  <testcase classname="tests.LogInTestCases" name="invalidLogIn_wrongCredintials" time="3.413"/>
  <testcase classname="tests.LogInTestCases" name="validLogIn" time="4.888"/>
  <testcase classname="tests.NewAccountTests" name="openCheckingAccounts" time="3.701"/>
  <testcase classname="tests.NewAccountTests" name="openSavingAccounts" time="3.086"/>
  <testcase classname="tests.FooterTests" name="testAboutUsFooterLinks" time="3.168"/>
  <testcase classname="tests.FooterTests" name="testContactUsFooterLinks" time="2.63"/>
  <testcase classname="tests.FooterTests" name="testForumFooterLinks" time="9.132"/>
  <testcase classname="tests.FooterTests" name="testHomeFooterLinks" time="2.316"/>
  <testcase classname="tests.FooterTests" name="testLocationFooterLinks" time="9.114"/>
  <testcase classname="tests.FooterTests" name="testProductsFooterLinks" time="14.32"/>
  <testcase classname="tests.FooterTests" name="testServicesFooterLinks" time="3.628">
    <failure type="org.openqa.selenium.NoSuchElementException" message="no such element: Unable to locate element: {&amp;quot;method&amp;quot;:&amp;quot;css selector&amp;quot;,&amp;quot;selector&amp;quot;:&amp;quot;.heading&amp;quot;}
  (Session info: MicrosoftEdge=113.0.1774.57)
For documentation on this error, please visit: https://selenium.dev/exceptions/#no_such_element
Build info: version: &amp;apos;4.8.1&amp;apos;, revision: &amp;apos;8ebccac989&amp;apos;
System info: os.name: &amp;apos;Windows 11&amp;apos;, os.arch: &amp;apos;amd64&amp;apos;, os.version: &amp;apos;10.0&amp;apos;, java.version: &amp;apos;17.0.6&amp;apos;
Driver info: org.openqa.selenium.edge.EdgeDriver
Command: [848c5bb9659301362eb2d9050120f7d5, findElement {using=class name, value=heading}]
Capabilities {acceptInsecureCerts: false, browserName: msedge, browserVersion: 113.0.1774.57, ms:edgeOptions: {debuggerAddress: localhost:50499}, msedge: {msedgedriverVersion: 113.0.1774.57 (b3b212deff59..., userDataDir: C:\Users\USER\AppData\Local...}, networkConnectionEnabled: false, pageLoadStrategy: normal, platformName: WINDOWS, proxy: Proxy(), se:cdp: ws://localhost:50499/devtoo..., se:cdpVersion: 113.0.1774.57, setWindowRect: true, strictFileInteractability: false, timeouts: {implicit: 0, pageLoad: 300000, script: 30000}, unhandledPromptBehavior: dismiss and notify, webauthn:extension:credBlob: true, webauthn:extension:largeBlob: true, webauthn:extension:minPinLength: true, webauthn:extension:prf: true, webauthn:virtualAuthenticators: true}
Session ID: 848c5bb9659301362eb2d9050120f7d5">
      <![CDATA[org.openqa.selenium.NoSuchElementException: no such element: Unable to locate element: {"method":"css selector","selector":".heading"}
  (Session info: MicrosoftEdge=113.0.1774.57)
For documentation on this error, please visit: https://selenium.dev/exceptions/#no_such_element
Build info: version: '4.8.1', revision: '8ebccac989'
System info: os.name: 'Windows 11', os.arch: 'amd64', os.version: '10.0', java.version: '17.0.6'
Driver info: org.openqa.selenium.edge.EdgeDriver
Command: [848c5bb9659301362eb2d9050120f7d5, findElement {using=class name, value=heading}]
Capabilities {acceptInsecureCerts: false, browserName: msedge, browserVersion: 113.0.1774.57, ms:edgeOptions: {debuggerAddress: localhost:50499}, msedge: {msedgedriverVersion: 113.0.1774.57 (b3b212deff59..., userDataDir: C:\Users\USER\AppData\Local...}, networkConnectionEnabled: false, pageLoadStrategy: normal, platformName: WINDOWS, proxy: Proxy(), se:cdp: ws://localhost:50499/devtoo..., se:cdpVersion: 113.0.1774.57, setWindowRect: true, strictFileInteractability: false, timeouts: {implicit: 0, pageLoad: 300000, script: 30000}, unhandledPromptBehavior: dismiss and notify, webauthn:extension:credBlob: true, webauthn:extension:largeBlob: true, webauthn:extension:minPinLength: true, webauthn:extension:prf: true, webauthn:virtualAuthenticators: true}
Session ID: 848c5bb9659301362eb2d9050120f7d5
at org.openqa.selenium.remote.codec.w3c.W3CHttpResponseCodec.createException(W3CHttpResponseCodec.java:200)
at org.openqa.selenium.remote.codec.w3c.W3CHttpResponseCodec.decode(W3CHttpResponseCodec.java:133)
at org.openqa.selenium.remote.codec.w3c.W3CHttpResponseCodec.decode(W3CHttpResponseCodec.java:53)
at org.openqa.selenium.remote.HttpCommandExecutor.execute(HttpCommandExecutor.java:184)
at org.openqa.selenium.remote.service.DriverCommandExecutor.invokeExecute(DriverCommandExecutor.java:167)
at org.openqa.selenium.remote.service.DriverCommandExecutor.execute(DriverCommandExecutor.java:142)
at org.openqa.selenium.remote.RemoteWebDriver.execute(RemoteWebDriver.java:543)
at org.openqa.selenium.remote.ElementLocation$ElementFinder$2.findElement(ElementLocation.java:162)
at org.openqa.selenium.remote.ElementLocation.findElement(ElementLocation.java:66)
at org.openqa.selenium.remote.RemoteWebDriver.findElement(RemoteWebDriver.java:352)
at org.openqa.selenium.remote.RemoteWebDriver.findElement(RemoteWebDriver.java:344)
at tests.FooterTests.testServicesFooterLinks(FooterTests.java:39)
at java.base/java.util.ArrayList.forEach(ArrayList.java:1511)
at java.base/java.util.concurrent.FutureTask.run(FutureTask.java:264)
at java.base/java.util.concurrent.ThreadPoolExecutor.runWorker(ThreadPoolExecutor.java:1136)
at java.base/java.util.concurrent.ThreadPoolExecutor$Worker.run(ThreadPoolExecutor.java:635)
at java.base/java.lang.Thread.run(Thread.java:833)
... Removed 23 stack frames]]>
    </failure>
  </testcase> <!-- testServicesFooterLinks -->
  <testcase classname="tests.FooterTests" name="testSiteMapFooterLinks" time="2.275"/>
</testsuite> <!-- Test3 -->
