<?xml version="1.0" encoding="UTF-8"?>
<!-- Generated by org.testng.reporters.JUnitXMLReporter -->
<testsuite ignored="0" hostname="DESKTOP-LJUN8GS" failures="3" tests="31" name="Test3" time="147.704" errors="0" timestamp="2023-06-21T19:07:22 EET">
  <testcase classname="tests.RegisterTestCases" name="successfulRegister" time="18.18">
    <failure type="org.openqa.selenium.TimeoutException" message="Expected condition failed: waiting for visibility of element located by By.xpath: //a[text()=&amp;apos;Register&amp;apos;] (tried for 15 second(s) with 500 milliseconds interval)">
      <![CDATA[org.openqa.selenium.TimeoutException: Expected condition failed: waiting for visibility of element located by By.xpath: //a[text()='Register'] (tried for 15 second(s) with 500 milliseconds interval)
at org.openqa.selenium.support.ui.WebDriverWait.timeoutException(WebDriverWait.java:87)
at org.openqa.selenium.support.ui.FluentWait.until(FluentWait.java:231)
at base.Action.explicitWaitTillElementVisibility(Action.java:68)
at pageobjects.LogInForm.clickRegister(LogInForm.java:51)
at pageobjects.RegisterPage.navigateToPage(RegisterPage.java:140)
at tests.RegisterTestCases.successfulRegister(RegisterTestCases.java:16)
at java.base/java.util.ArrayList.forEach(ArrayList.java:1511)
at java.base/java.util.concurrent.FutureTask.run(FutureTask.java:264)
at java.base/java.util.concurrent.ThreadPoolExecutor.runWorker(ThreadPoolExecutor.java:1136)
at java.base/java.util.concurrent.ThreadPoolExecutor$Worker.run(ThreadPoolExecutor.java:635)
at java.base/java.lang.Thread.run(Thread.java:833)
Caused by: org.openqa.selenium.NoSuchWindowException: no such window: target window already closed
from unknown error: web view not found
  (Session info: MicrosoftEdge=114.0.1823.51)
Build info: version: '4.8.1', revision: '8ebccac989'
System info: os.name: 'Windows 11', os.arch: 'amd64', os.version: '10.0', java.version: '17.0.6'
Driver info: org.openqa.selenium.edge.EdgeDriver
Command: [ad5de20d37367e42e8ffc27b1a2c2a5a, findElement {using=xpath, value=//a[text()='Register']}]
Capabilities {acceptInsecureCerts: false, browserName: msedge, browserVersion: 114.0.1823.51, ms:edgeOptions: {debuggerAddress: localhost:54045}, msedge: {msedgedriverVersion: 114.0.1823.55 (890405d89311..., userDataDir: C:\Users\USER\AppData\Local...}, networkConnectionEnabled: false, pageLoadStrategy: normal, platformName: WINDOWS, proxy: Proxy(), se:cdp: ws://localhost:54045/devtoo..., se:cdpVersion: 114.0.1823.51, setWindowRect: true, strictFileInteractability: false, timeouts: {implicit: 0, pageLoad: 300000, script: 30000}, unhandledPromptBehavior: dismiss and notify, webauthn:extension:credBlob: true, webauthn:extension:largeBlob: true, webauthn:extension:minPinLength: true, webauthn:extension:prf: true, webauthn:virtualAuthenticators: true}
Session ID: ad5de20d37367e42e8ffc27b1a2c2a5a
at org.openqa.selenium.remote.codec.w3c.W3CHttpResponseCodec.createException(W3CHttpResponseCodec.java:200)
at org.openqa.selenium.remote.codec.w3c.W3CHttpResponseCodec.decode(W3CHttpResponseCodec.java:133)
at org.openqa.selenium.remote.codec.w3c.W3CHttpResponseCodec.decode(W3CHttpResponseCodec.java:53)
at org.openqa.selenium.remote.HttpCommandExecutor.execute(HttpCommandExecutor.java:184)
at org.openqa.selenium.remote.service.DriverCommandExecutor.invokeExecute(DriverCommandExecutor.java:167)
at org.openqa.selenium.remote.service.DriverCommandExecutor.execute(DriverCommandExecutor.java:142)
at org.openqa.selenium.remote.RemoteWebDriver.execute(RemoteWebDriver.java:543)
at org.openqa.selenium.remote.ElementLocation$ElementFinder$2.findElement(ElementLocation.java:162)
at org.openqa.selenium.remote.ElementLocation.findElement(ElementLocation.java:60)
at org.openqa.selenium.remote.RemoteWebDriver.findElement(RemoteWebDriver.java:352)
at org.openqa.selenium.remote.RemoteWebDriver.findElement(RemoteWebDriver.java:344)
at org.openqa.selenium.support.ui.ExpectedConditions$7.apply(ExpectedConditions.java:197)
at org.openqa.selenium.support.ui.ExpectedConditions$7.apply(ExpectedConditions.java:193)
at org.openqa.selenium.support.ui.FluentWait.until(FluentWait.java:208)
... 26 more
... Removed 21 stack frames]]>
    </failure>
  </testcase> <!-- successfulRegister -->
  <testcase classname="tests.RegisterTestCases" name="unsuccessfulRegister_NoPassword" time="0.0">
    <skipped/>
  </testcase> <!-- unsuccessfulRegister_NoPassword -->
  <testcase classname="tests.RegisterTestCases" name="unsuccessfulRegister_NoUserNmae" time="0.0">
    <skipped/>
  </testcase> <!-- unsuccessfulRegister_NoUserNmae -->
  <testcase classname="tests.RegisterTestCases" name="unsuccessfulRegister_differentPassword" time="0.0">
    <skipped/>
  </testcase> <!-- unsuccessfulRegister_differentPassword -->
  <testcase classname="tests.LogInTestCases" name="invalidLogIn_NoCredintials" time="16.641">
    <failure type="org.openqa.selenium.TimeoutException" message="Expected condition failed: waiting for visibility of element located by By.xpath: //div[@class=&amp;apos;login&amp;apos;]//child::input[@name=&amp;apos;username&amp;apos;] (tried for 15 second(s) with 500 milliseconds interval)">
      <![CDATA[org.openqa.selenium.TimeoutException: Expected condition failed: waiting for visibility of element located by By.xpath: //div[@class='login']//child::input[@name='username'] (tried for 15 second(s) with 500 milliseconds interval)
at org.openqa.selenium.support.ui.WebDriverWait.timeoutException(WebDriverWait.java:87)
at org.openqa.selenium.support.ui.FluentWait.until(FluentWait.java:231)
at base.Action.explicitWaitTillElementVisibility(Action.java:68)
at pageobjects.LogInForm.typeUserName(LogInForm.java:30)
at tests.LogInTestCases.invalidLogIn_NoCredintials(LogInTestCases.java:70)
at java.base/java.util.ArrayList.forEach(ArrayList.java:1511)
at java.base/java.util.concurrent.FutureTask.run(FutureTask.java:264)
at java.base/java.util.concurrent.ThreadPoolExecutor.runWorker(ThreadPoolExecutor.java:1136)
at java.base/java.util.concurrent.ThreadPoolExecutor$Worker.run(ThreadPoolExecutor.java:635)
at java.base/java.lang.Thread.run(Thread.java:833)
Caused by: org.openqa.selenium.NoSuchWindowException: no such window: target window already closed
from unknown error: web view not found
  (Session info: MicrosoftEdge=114.0.1823.51)
Build info: version: '4.8.1', revision: '8ebccac989'
System info: os.name: 'Windows 11', os.arch: 'amd64', os.version: '10.0', java.version: '17.0.6'
Driver info: org.openqa.selenium.edge.EdgeDriver
Command: [f8dbe0287e996ec316dfb9cb3cb9bd95, findElement {using=xpath, value=//div[@class='login']//child::input[@name='username']}]
Capabilities {acceptInsecureCerts: false, browserName: msedge, browserVersion: 114.0.1823.51, ms:edgeOptions: {debuggerAddress: localhost:54162}, msedge: {msedgedriverVersion: 114.0.1823.55 (890405d89311..., userDataDir: C:\Users\USER\AppData\Local...}, networkConnectionEnabled: false, pageLoadStrategy: normal, platformName: WINDOWS, proxy: Proxy(), se:cdp: ws://localhost:54162/devtoo..., se:cdpVersion: 114.0.1823.51, setWindowRect: true, strictFileInteractability: false, timeouts: {implicit: 0, pageLoad: 300000, script: 30000}, unhandledPromptBehavior: dismiss and notify, webauthn:extension:credBlob: true, webauthn:extension:largeBlob: true, webauthn:extension:minPinLength: true, webauthn:extension:prf: true, webauthn:virtualAuthenticators: true}
Session ID: f8dbe0287e996ec316dfb9cb3cb9bd95
at org.openqa.selenium.remote.codec.w3c.W3CHttpResponseCodec.createException(W3CHttpResponseCodec.java:200)
at org.openqa.selenium.remote.codec.w3c.W3CHttpResponseCodec.decode(W3CHttpResponseCodec.java:133)
at org.openqa.selenium.remote.codec.w3c.W3CHttpResponseCodec.decode(W3CHttpResponseCodec.java:53)
at org.openqa.selenium.remote.HttpCommandExecutor.execute(HttpCommandExecutor.java:184)
at org.openqa.selenium.remote.service.DriverCommandExecutor.invokeExecute(DriverCommandExecutor.java:167)
at org.openqa.selenium.remote.service.DriverCommandExecutor.execute(DriverCommandExecutor.java:142)
at org.openqa.selenium.remote.RemoteWebDriver.execute(RemoteWebDriver.java:543)
at org.openqa.selenium.remote.ElementLocation$ElementFinder$2.findElement(ElementLocation.java:162)
at org.openqa.selenium.remote.ElementLocation.findElement(ElementLocation.java:60)
at org.openqa.selenium.remote.RemoteWebDriver.findElement(RemoteWebDriver.java:352)
at org.openqa.selenium.remote.RemoteWebDriver.findElement(RemoteWebDriver.java:344)
at org.openqa.selenium.support.ui.ExpectedConditions$7.apply(ExpectedConditions.java:197)
at org.openqa.selenium.support.ui.ExpectedConditions$7.apply(ExpectedConditions.java:193)
at org.openqa.selenium.support.ui.FluentWait.until(FluentWait.java:208)
... 25 more
... Removed 21 stack frames]]>
    </failure>
  </testcase> <!-- invalidLogIn_NoCredintials -->
  <testcase classname="tests.LogInTestCases" name="invalidLogIn_NoPassword" time="0.0">
    <skipped/>
  </testcase> <!-- invalidLogIn_NoPassword -->
  <testcase classname="tests.LogInTestCases" name="invalidLogIn_NoUserName" time="0.0">
    <skipped/>
  </testcase> <!-- invalidLogIn_NoUserName -->
  <testcase classname="tests.LogInTestCases" name="invalidLogIn_wrongCredintials" time="0.0">
    <skipped/>
  </testcase> <!-- invalidLogIn_wrongCredintials -->
  <testcase classname="tests.LogInTestCases" name="invalid_logins" time="0.0">
    <skipped/>
  </testcase> <!-- invalid_logins -->
  <testcase classname="tests.LogInTestCases" name="invalid_logins" time="0.0">
    <skipped/>
  </testcase> <!-- invalid_logins -->
  <testcase classname="tests.LogInTestCases" name="invalid_logins" time="0.0">
    <skipped/>
  </testcase> <!-- invalid_logins -->
  <testcase classname="tests.LogInTestCases" name="invalid_logins" time="0.0">
    <skipped/>
  </testcase> <!-- invalid_logins -->
  <testcase classname="tests.LogInTestCases" name="invalid_logins_excel" time="0.0">
    <skipped/>
  </testcase> <!-- invalid_logins_excel -->
  <testcase classname="tests.LogInTestCases" name="invalid_logins_excel" time="0.0">
    <skipped/>
  </testcase> <!-- invalid_logins_excel -->
  <testcase classname="tests.LogInTestCases" name="invalid_logins_excel" time="0.0">
    <skipped/>
  </testcase> <!-- invalid_logins_excel -->
  <testcase classname="tests.LogInTestCases" name="invalid_logins_excel" time="0.0">
    <skipped/>
  </testcase> <!-- invalid_logins_excel -->
  <testcase classname="tests.LogInTestCases" name="invalid_logins_excel" time="0.0">
    <skipped/>
  </testcase> <!-- invalid_logins_excel -->
  <testcase classname="tests.LogInTestCases" name="invalid_logins_excel" time="0.0">
    <skipped/>
  </testcase> <!-- invalid_logins_excel -->
  <testcase classname="tests.LogInTestCases" name="invalid_logins_excel" time="0.0">
    <skipped/>
  </testcase> <!-- invalid_logins_excel -->
  <testcase classname="tests.LogInTestCases" name="invalid_logins_excel" time="0.0">
    <skipped/>
  </testcase> <!-- invalid_logins_excel -->
  <testcase classname="tests.LogInTestCases" name="validLogIn" time="0.0">
    <skipped/>
  </testcase> <!-- validLogIn -->
  <testcase classname="tests.NewAccountTests" name="openCheckingAccounts" time="16.616">
    <failure type="org.openqa.selenium.TimeoutException" message="Expected condition failed: waiting for visibility of element located by By.xpath: //div[@class=&amp;apos;login&amp;apos;]//child::input[@name=&amp;apos;username&amp;apos;] (tried for 15 second(s) with 500 milliseconds interval)">
      <![CDATA[org.openqa.selenium.TimeoutException: Expected condition failed: waiting for visibility of element located by By.xpath: //div[@class='login']//child::input[@name='username'] (tried for 15 second(s) with 500 milliseconds interval)
at org.openqa.selenium.support.ui.WebDriverWait.timeoutException(WebDriverWait.java:87)
at org.openqa.selenium.support.ui.FluentWait.until(FluentWait.java:231)
at base.Action.explicitWaitTillElementVisibility(Action.java:68)
at pageobjects.LogInForm.typeUserName(LogInForm.java:30)
at pageobjects.OpenNewAccountPage.navigateToPage(OpenNewAccountPage.java:30)
at tests.NewAccountTests.openCheckingAccounts(NewAccountTests.java:17)
at java.base/java.util.ArrayList.forEach(ArrayList.java:1511)
at java.base/java.util.concurrent.FutureTask.run(FutureTask.java:264)
at java.base/java.util.concurrent.ThreadPoolExecutor.runWorker(ThreadPoolExecutor.java:1136)
at java.base/java.util.concurrent.ThreadPoolExecutor$Worker.run(ThreadPoolExecutor.java:635)
at java.base/java.lang.Thread.run(Thread.java:833)
Caused by: org.openqa.selenium.NoSuchWindowException: no such window: target window already closed
from unknown error: web view not found
  (Session info: MicrosoftEdge=114.0.1823.51)
Build info: version: '4.8.1', revision: '8ebccac989'
System info: os.name: 'Windows 11', os.arch: 'amd64', os.version: '10.0', java.version: '17.0.6'
Driver info: org.openqa.selenium.edge.EdgeDriver
Command: [656884b4ba0905a1822c60a376037412, findElement {using=xpath, value=//div[@class='login']//child::input[@name='username']}]
Capabilities {acceptInsecureCerts: false, browserName: msedge, browserVersion: 114.0.1823.51, ms:edgeOptions: {debuggerAddress: localhost:54208}, msedge: {msedgedriverVersion: 114.0.1823.55 (890405d89311..., userDataDir: C:\Users\USER\AppData\Local...}, networkConnectionEnabled: false, pageLoadStrategy: normal, platformName: WINDOWS, proxy: Proxy(), se:cdp: ws://localhost:54208/devtoo..., se:cdpVersion: 114.0.1823.51, setWindowRect: true, strictFileInteractability: false, timeouts: {implicit: 0, pageLoad: 300000, script: 30000}, unhandledPromptBehavior: dismiss and notify, webauthn:extension:credBlob: true, webauthn:extension:largeBlob: true, webauthn:extension:minPinLength: true, webauthn:extension:prf: true, webauthn:virtualAuthenticators: true}
Session ID: 656884b4ba0905a1822c60a376037412
at org.openqa.selenium.remote.codec.w3c.W3CHttpResponseCodec.createException(W3CHttpResponseCodec.java:200)
at org.openqa.selenium.remote.codec.w3c.W3CHttpResponseCodec.decode(W3CHttpResponseCodec.java:133)
at org.openqa.selenium.remote.codec.w3c.W3CHttpResponseCodec.decode(W3CHttpResponseCodec.java:53)
at org.openqa.selenium.remote.HttpCommandExecutor.execute(HttpCommandExecutor.java:184)
at org.openqa.selenium.remote.service.DriverCommandExecutor.invokeExecute(DriverCommandExecutor.java:167)
at org.openqa.selenium.remote.service.DriverCommandExecutor.execute(DriverCommandExecutor.java:142)
at org.openqa.selenium.remote.RemoteWebDriver.execute(RemoteWebDriver.java:543)
at org.openqa.selenium.remote.ElementLocation$ElementFinder$2.findElement(ElementLocation.java:162)
at org.openqa.selenium.remote.ElementLocation.findElement(ElementLocation.java:60)
at org.openqa.selenium.remote.RemoteWebDriver.findElement(RemoteWebDriver.java:352)
at org.openqa.selenium.remote.RemoteWebDriver.findElement(RemoteWebDriver.java:344)
at org.openqa.selenium.support.ui.ExpectedConditions$7.apply(ExpectedConditions.java:197)
at org.openqa.selenium.support.ui.ExpectedConditions$7.apply(ExpectedConditions.java:193)
at org.openqa.selenium.support.ui.FluentWait.until(FluentWait.java:208)
... 26 more
... Removed 21 stack frames]]>
    </failure>
  </testcase> <!-- openCheckingAccounts -->
  <testcase classname="tests.NewAccountTests" name="openSavingAccounts" time="0.0">
    <skipped/>
  </testcase> <!-- openSavingAccounts -->
  <testcase classname="tests.FooterTests" name="testAboutUsFooterLinks" time="2.932"/>
  <testcase classname="tests.FooterTests" name="testContactUsFooterLinks" time="2.143"/>
  <testcase classname="tests.FooterTests" name="testForumFooterLinks" time="12.22"/>
  <testcase classname="tests.FooterTests" name="testHomeFooterLinks" time="2.589"/>
  <testcase classname="tests.FooterTests" name="testLocationFooterLinks" time="9.845"/>
  <testcase classname="tests.FooterTests" name="testProductsFooterLinks" time="32.361"/>
  <testcase classname="tests.FooterTests" name="testServicesFooterLinks" time="3.677"/>
  <testcase classname="tests.FooterTests" name="testSiteMapFooterLinks" time="3.688"/>
</testsuite> <!-- Test3 -->
