<?xml version="1.0" encoding="UTF-8"?>
<!-- Generated by org.testng.reporters.JUnitXMLReporter -->
<testsuite ignored="0" hostname="DESKTOP-LJUN8GS" failures="2" tests="31" name="Test2" time="19.83" errors="0" timestamp="2023-06-21T19:05:15 EET">
  <testcase classname="tests.RegisterTestCases" name="successfulRegister" time="6.604">
    <failure type="org.openqa.selenium.NoSuchWindowException" message="Browsing context has been discarded
Build info: version: &amp;apos;4.8.1&amp;apos;, revision: &amp;apos;8ebccac989&amp;apos;
System info: os.name: &amp;apos;Windows 11&amp;apos;, os.arch: &amp;apos;amd64&amp;apos;, os.version: &amp;apos;10.0&amp;apos;, java.version: &amp;apos;17.0.6&amp;apos;
Driver info: org.openqa.selenium.firefox.FirefoxDriver
Command: [05d12e31-100e-432c-b736-4a58fe9bddd2, findElement {using=xpath, value=//h1[@class=&amp;apos;title&amp;apos;]}]
Capabilities {acceptInsecureCerts: true, browserName: firefox, browserVersion: 114.0.1, moz:accessibilityChecks: false, moz:buildID: 20230608214645, moz:debuggerAddress: 127.0.0.1:20795, moz:geckodriverVersion: 0.33.0, moz:headless: false, moz:platformVersion: 10.0, moz:processID: 16764, moz:profile: C:\Users\USER\AppData\Local..., moz:shutdownTimeout: 60000, moz:useNonSpecCompliantPointerOrigin: false, moz:webdriverClick: true, moz:windowless: false, pageLoadStrategy: normal, platformName: WINDOWS, proxy: Proxy(), se:cdp: ws://127.0.0.1:20795/devtoo..., se:cdpVersion: 85.0, setWindowRect: true, strictFileInteractability: false, timeouts: {implicit: 0, pageLoad: 300000, script: 30000}, unhandledPromptBehavior: dismiss and notify}
Session ID: 05d12e31-100e-432c-b736-4a58fe9bddd2">
      <![CDATA[org.openqa.selenium.NoSuchWindowException: Browsing context has been discarded
Build info: version: '4.8.1', revision: '8ebccac989'
System info: os.name: 'Windows 11', os.arch: 'amd64', os.version: '10.0', java.version: '17.0.6'
Driver info: org.openqa.selenium.firefox.FirefoxDriver
Command: [05d12e31-100e-432c-b736-4a58fe9bddd2, findElement {using=xpath, value=//h1[@class='title']}]
Capabilities {acceptInsecureCerts: true, browserName: firefox, browserVersion: 114.0.1, moz:accessibilityChecks: false, moz:buildID: 20230608214645, moz:debuggerAddress: 127.0.0.1:20795, moz:geckodriverVersion: 0.33.0, moz:headless: false, moz:platformVersion: 10.0, moz:processID: 16764, moz:profile: C:\Users\USER\AppData\Local..., moz:shutdownTimeout: 60000, moz:useNonSpecCompliantPointerOrigin: false, moz:webdriverClick: true, moz:windowless: false, pageLoadStrategy: normal, platformName: WINDOWS, proxy: Proxy(), se:cdp: ws://127.0.0.1:20795/devtoo..., se:cdpVersion: 85.0, setWindowRect: true, strictFileInteractability: false, timeouts: {implicit: 0, pageLoad: 300000, script: 30000}, unhandledPromptBehavior: dismiss and notify}
Session ID: 05d12e31-100e-432c-b736-4a58fe9bddd2
at org.openqa.selenium.remote.codec.w3c.W3CHttpResponseCodec.createException(W3CHttpResponseCodec.java:200)
at org.openqa.selenium.remote.codec.w3c.W3CHttpResponseCodec.decode(W3CHttpResponseCodec.java:133)
at org.openqa.selenium.remote.codec.w3c.W3CHttpResponseCodec.decode(W3CHttpResponseCodec.java:53)
at org.openqa.selenium.remote.HttpCommandExecutor.execute(HttpCommandExecutor.java:184)
at org.openqa.selenium.remote.service.DriverCommandExecutor.invokeExecute(DriverCommandExecutor.java:167)
at org.openqa.selenium.remote.service.DriverCommandExecutor.execute(DriverCommandExecutor.java:142)
at org.openqa.selenium.remote.RemoteWebDriver.execute(RemoteWebDriver.java:543)
at org.openqa.selenium.remote.ElementLocation$ElementFinder$2.findElement(ElementLocation.java:162)
at org.openqa.selenium.remote.ElementLocation.findElement(ElementLocation.java:60)
at org.openqa.selenium.remote.RemoteWebDriver.findElement(RemoteWebDriver.java:352)
at org.openqa.selenium.remote.RemoteWebDriver.findElement(RemoteWebDriver.java:344)
at tests.RegisterTestCases.successfulRegister(RegisterTestCases.java:29)
at java.base/java.util.ArrayList.forEach(ArrayList.java:1511)
at java.base/java.util.concurrent.FutureTask.run(FutureTask.java:264)
at java.base/java.util.concurrent.ThreadPoolExecutor.runWorker(ThreadPoolExecutor.java:1136)
at java.base/java.util.concurrent.ThreadPoolExecutor$Worker.run(ThreadPoolExecutor.java:635)
at java.base/java.lang.Thread.run(Thread.java:833)
... Removed 22 stack frames]]>
    </failure>
  </testcase> <!-- successfulRegister -->
  <testcase classname="tests.RegisterTestCases" name="unsuccessfulRegister_NoPassword" time="0.0">
    <skipped/>
  </testcase> <!-- unsuccessfulRegister_NoPassword -->
  <testcase classname="tests.RegisterTestCases" name="unsuccessfulRegister_NoUserNmae" time="0.0">
    <skipped/>
  </testcase> <!-- unsuccessfulRegister_NoUserNmae -->
  <testcase classname="tests.RegisterTestCases" name="unsuccessfulRegister_differentPassword" time="0.0">
    <skipped/>
  </testcase> <!-- unsuccessfulRegister_differentPassword -->
  <testcase classname="tests.LogInTestCases" name="invalidLogIn_NoCredintials" time="2.065">
    <failure type="org.openqa.selenium.WebDriverException" message="Failed to decode response from marionette
Build info: version: &amp;apos;4.8.1&amp;apos;, revision: &amp;apos;8ebccac989&amp;apos;
System info: os.name: &amp;apos;Windows 11&amp;apos;, os.arch: &amp;apos;amd64&amp;apos;, os.version: &amp;apos;10.0&amp;apos;, java.version: &amp;apos;17.0.6&amp;apos;
Driver info: org.openqa.selenium.firefox.FirefoxDriver
Command: [434d07b7-e599-49bd-9624-2a58a55c0b54, findElement {using=xpath, value=//div[@class=&amp;apos;login&amp;apos;]//child::input[@name=&amp;apos;username&amp;apos;]}]
Capabilities {acceptInsecureCerts: true, browserName: firefox, browserVersion: 114.0.1, moz:accessibilityChecks: false, moz:buildID: 20230608214645, moz:debuggerAddress: 127.0.0.1:14682, moz:geckodriverVersion: 0.33.0, moz:headless: false, moz:platformVersion: 10.0, moz:processID: 16244, moz:profile: C:\Users\USER\AppData\Local..., moz:shutdownTimeout: 60000, moz:useNonSpecCompliantPointerOrigin: false, moz:webdriverClick: true, moz:windowless: false, pageLoadStrategy: normal, platformName: WINDOWS, proxy: Proxy(), se:cdp: ws://127.0.0.1:14682/devtoo..., se:cdpVersion: 85.0, setWindowRect: true, strictFileInteractability: false, timeouts: {implicit: 0, pageLoad: 300000, script: 30000}, unhandledPromptBehavior: dismiss and notify}
Session ID: 434d07b7-e599-49bd-9624-2a58a55c0b54">
      <![CDATA[org.openqa.selenium.WebDriverException: Failed to decode response from marionette
Build info: version: '4.8.1', revision: '8ebccac989'
System info: os.name: 'Windows 11', os.arch: 'amd64', os.version: '10.0', java.version: '17.0.6'
Driver info: org.openqa.selenium.firefox.FirefoxDriver
Command: [434d07b7-e599-49bd-9624-2a58a55c0b54, findElement {using=xpath, value=//div[@class='login']//child::input[@name='username']}]
Capabilities {acceptInsecureCerts: true, browserName: firefox, browserVersion: 114.0.1, moz:accessibilityChecks: false, moz:buildID: 20230608214645, moz:debuggerAddress: 127.0.0.1:14682, moz:geckodriverVersion: 0.33.0, moz:headless: false, moz:platformVersion: 10.0, moz:processID: 16244, moz:profile: C:\Users\USER\AppData\Local..., moz:shutdownTimeout: 60000, moz:useNonSpecCompliantPointerOrigin: false, moz:webdriverClick: true, moz:windowless: false, pageLoadStrategy: normal, platformName: WINDOWS, proxy: Proxy(), se:cdp: ws://127.0.0.1:14682/devtoo..., se:cdpVersion: 85.0, setWindowRect: true, strictFileInteractability: false, timeouts: {implicit: 0, pageLoad: 300000, script: 30000}, unhandledPromptBehavior: dismiss and notify}
Session ID: 434d07b7-e599-49bd-9624-2a58a55c0b54
at org.openqa.selenium.remote.codec.w3c.W3CHttpResponseCodec.createException(W3CHttpResponseCodec.java:200)
at org.openqa.selenium.remote.codec.w3c.W3CHttpResponseCodec.decode(W3CHttpResponseCodec.java:133)
at org.openqa.selenium.remote.codec.w3c.W3CHttpResponseCodec.decode(W3CHttpResponseCodec.java:53)
at org.openqa.selenium.remote.HttpCommandExecutor.execute(HttpCommandExecutor.java:184)
at org.openqa.selenium.remote.service.DriverCommandExecutor.invokeExecute(DriverCommandExecutor.java:167)
at org.openqa.selenium.remote.service.DriverCommandExecutor.execute(DriverCommandExecutor.java:142)
at org.openqa.selenium.remote.RemoteWebDriver.execute(RemoteWebDriver.java:543)
at org.openqa.selenium.remote.ElementLocation$ElementFinder$2.findElement(ElementLocation.java:162)
at org.openqa.selenium.remote.ElementLocation.findElement(ElementLocation.java:60)
at org.openqa.selenium.remote.RemoteWebDriver.findElement(RemoteWebDriver.java:352)
at org.openqa.selenium.remote.RemoteWebDriver.findElement(RemoteWebDriver.java:344)
at org.openqa.selenium.support.ui.ExpectedConditions$7.apply(ExpectedConditions.java:197)
at org.openqa.selenium.support.ui.ExpectedConditions$7.apply(ExpectedConditions.java:193)
at org.openqa.selenium.support.ui.FluentWait.until(FluentWait.java:208)
at base.Action.explicitWaitTillElementVisibility(Action.java:68)
at pageobjects.LogInForm.typeUserName(LogInForm.java:30)
at tests.LogInTestCases.invalidLogIn_NoCredintials(LogInTestCases.java:70)
at java.base/java.util.ArrayList.forEach(ArrayList.java:1511)
at java.base/java.util.concurrent.FutureTask.run(FutureTask.java:264)
at java.base/java.util.concurrent.ThreadPoolExecutor.runWorker(ThreadPoolExecutor.java:1136)
at java.base/java.util.concurrent.ThreadPoolExecutor$Worker.run(ThreadPoolExecutor.java:635)
at java.base/java.lang.Thread.run(Thread.java:833)
... Removed 22 stack frames]]>
    </failure>
  </testcase> <!-- invalidLogIn_NoCredintials -->
  <testcase classname="tests.LogInTestCases" name="invalidLogIn_NoPassword" time="0.0">
    <skipped/>
  </testcase> <!-- invalidLogIn_NoPassword -->
  <testcase classname="tests.LogInTestCases" name="invalidLogIn_NoUserName" time="0.0">
    <skipped/>
  </testcase> <!-- invalidLogIn_NoUserName -->
  <testcase classname="tests.LogInTestCases" name="invalidLogIn_wrongCredintials" time="0.0">
    <skipped/>
  </testcase> <!-- invalidLogIn_wrongCredintials -->
  <testcase classname="tests.LogInTestCases" name="invalid_logins" time="0.0">
    <skipped/>
  </testcase> <!-- invalid_logins -->
  <testcase classname="tests.LogInTestCases" name="invalid_logins" time="0.0">
    <skipped/>
  </testcase> <!-- invalid_logins -->
  <testcase classname="tests.LogInTestCases" name="invalid_logins" time="0.0">
    <skipped/>
  </testcase> <!-- invalid_logins -->
  <testcase classname="tests.LogInTestCases" name="invalid_logins" time="0.0">
    <skipped/>
  </testcase> <!-- invalid_logins -->
  <testcase classname="tests.LogInTestCases" name="invalid_logins_excel" time="0.0">
    <skipped/>
  </testcase> <!-- invalid_logins_excel -->
  <testcase classname="tests.LogInTestCases" name="invalid_logins_excel" time="0.0">
    <skipped/>
  </testcase> <!-- invalid_logins_excel -->
  <testcase classname="tests.LogInTestCases" name="invalid_logins_excel" time="0.0">
    <skipped/>
  </testcase> <!-- invalid_logins_excel -->
  <testcase classname="tests.LogInTestCases" name="invalid_logins_excel" time="0.0">
    <skipped/>
  </testcase> <!-- invalid_logins_excel -->
  <testcase classname="tests.LogInTestCases" name="invalid_logins_excel" time="0.0">
    <skipped/>
  </testcase> <!-- invalid_logins_excel -->
  <testcase classname="tests.LogInTestCases" name="invalid_logins_excel" time="0.0">
    <skipped/>
  </testcase> <!-- invalid_logins_excel -->
  <testcase classname="tests.LogInTestCases" name="invalid_logins_excel" time="0.0">
    <skipped/>
  </testcase> <!-- invalid_logins_excel -->
  <testcase classname="tests.LogInTestCases" name="invalid_logins_excel" time="0.0">
    <skipped/>
  </testcase> <!-- invalid_logins_excel -->
  <testcase classname="tests.LogInTestCases" name="validLogIn" time="0.0">
    <skipped/>
  </testcase> <!-- validLogIn -->
  <testcase classname="tests.NewAccountTests" name="openCheckingAccounts" time="0.0">
    <skipped/>
  </testcase> <!-- openCheckingAccounts -->
  <testcase classname="tests.NewAccountTests" name="openSavingAccounts" time="0.0">
    <skipped/>
  </testcase> <!-- openSavingAccounts -->
  <testcase classname="tests.FooterTests" name="testAboutUsFooterLinks" time="0.0">
    <skipped/>
  </testcase> <!-- testAboutUsFooterLinks -->
  <testcase classname="tests.FooterTests" name="testContactUsFooterLinks" time="0.0">
    <skipped/>
  </testcase> <!-- testContactUsFooterLinks -->
  <testcase classname="tests.FooterTests" name="testForumFooterLinks" time="0.0">
    <skipped/>
  </testcase> <!-- testForumFooterLinks -->
  <testcase classname="tests.FooterTests" name="testHomeFooterLinks" time="0.0">
    <skipped/>
  </testcase> <!-- testHomeFooterLinks -->
  <testcase classname="tests.FooterTests" name="testLocationFooterLinks" time="0.0">
    <skipped/>
  </testcase> <!-- testLocationFooterLinks -->
  <testcase classname="tests.FooterTests" name="testProductsFooterLinks" time="0.0">
    <skipped/>
  </testcase> <!-- testProductsFooterLinks -->
  <testcase classname="tests.FooterTests" name="testServicesFooterLinks" time="0.0">
    <skipped/>
  </testcase> <!-- testServicesFooterLinks -->
  <testcase classname="tests.FooterTests" name="testSiteMapFooterLinks" time="0.0">
    <skipped/>
  </testcase> <!-- testSiteMapFooterLinks -->
</testsuite> <!-- Test2 -->
