<?xml version="1.0" encoding="UTF-8"?>
<!-- Generated by org.testng.reporters.JUnitReportReporter -->
<testsuite hostname="DESKTOP-LJUN8GS" failures="0" tests="25" name="tests.FooterTests" time="206.907" errors="1" timestamp="2023-06-21T19:07:52 EET" skipped="8">
  <testcase classname="tests.FooterTests" name="testSiteMapFooterLinks" time="0.000">
    <skipped/>
  </testcase> <!-- testSiteMapFooterLinks -->
  <system-out/>
  <testcase classname="tests.FooterTests" name="testContactUsFooterLinks" time="20.939"/>
  <system-out/>
  <testcase classname="tests.FooterTests" name="testContactUsFooterLinks" time="0.000">
    <skipped/>
  </testcase> <!-- testContactUsFooterLinks -->
  <system-out/>
  <testcase classname="tests.FooterTests" name="setup" time="2.395">
    <error message="Could not start a new session. Response code 500. Message: Failed to decode response from marionette 
Host info: host: &#039;DESKTOP-LJUN8GS&#039;, ip: &#039;192.168.1.5&#039;
Build info: version: &#039;4.8.1&#039;, revision: &#039;8ebccac989&#039;
System info: os.name: &#039;Windows 11&#039;, os.arch: &#039;amd64&#039;, os.version: &#039;10.0&#039;, java.version: &#039;17.0.6&#039;
Driver info: org.openqa.selenium.firefox.FirefoxDriver
Command: [null, newSession {capabilities=[Capabilities {acceptInsecureCerts: true, browserName: firefox, moz:debuggerAddress: true, moz:firefoxOptions: {}}], desiredCapabilities=Capabilities {acceptInsecureCerts: true, browserName: firefox, moz:debuggerAddress: true, moz:firefoxOptions: {}}}]" type="org.openqa.selenium.SessionNotCreatedException">
      <![CDATA[org.openqa.selenium.SessionNotCreatedException: Could not start a new session. Response code 500. Message: Failed to decode response from marionette 
Host info: host: 'DESKTOP-LJUN8GS', ip: '192.168.1.5'
Build info: version: '4.8.1', revision: '8ebccac989'
System info: os.name: 'Windows 11', os.arch: 'amd64', os.version: '10.0', java.version: '17.0.6'
Driver info: org.openqa.selenium.firefox.FirefoxDriver
Command: [null, newSession {capabilities=[Capabilities {acceptInsecureCerts: true, browserName: firefox, moz:debuggerAddress: true, moz:firefoxOptions: {}}], desiredCapabilities=Capabilities {acceptInsecureCerts: true, browserName: firefox, moz:debuggerAddress: true, moz:firefoxOptions: {}}}]
at org.openqa.selenium.remote.ProtocolHandshake.createSession(ProtocolHandshake.java:148)
at org.openqa.selenium.remote.ProtocolHandshake.createSession(ProtocolHandshake.java:106)
at org.openqa.selenium.remote.ProtocolHandshake.createSession(ProtocolHandshake.java:67)
at org.openqa.selenium.remote.HttpCommandExecutor.execute(HttpCommandExecutor.java:156)
at org.openqa.selenium.remote.service.DriverCommandExecutor.invokeExecute(DriverCommandExecutor.java:167)
at org.openqa.selenium.remote.service.DriverCommandExecutor.execute(DriverCommandExecutor.java:142)
at org.openqa.selenium.remote.RemoteWebDriver.execute(RemoteWebDriver.java:543)
at org.openqa.selenium.remote.RemoteWebDriver.startSession(RemoteWebDriver.java:229)
at org.openqa.selenium.remote.RemoteWebDriver.<init>(RemoteWebDriver.java:157)
at org.openqa.selenium.firefox.FirefoxDriver.<init>(FirefoxDriver.java:130)
at org.openqa.selenium.firefox.FirefoxDriver.<init>(FirefoxDriver.java:111)
at org.openqa.selenium.firefox.FirefoxDriver.<init>(FirefoxDriver.java:101)
at base.SetupDriver.setup(SetupDriver.java:45)
at java.base/jdk.internal.reflect.NativeMethodAccessorImpl.invoke0(Native Method)
at java.base/jdk.internal.reflect.NativeMethodAccessorImpl.invoke(NativeMethodAccessorImpl.java:77)
at java.base/jdk.internal.reflect.DelegatingMethodAccessorImpl.invoke(DelegatingMethodAccessorImpl.java:43)
at java.base/java.lang.reflect.Method.invoke(Method.java:568)
at org.testng.internal.invokers.MethodInvocationHelper.invokeMethod(MethodInvocationHelper.java:139)
at org.testng.internal.invokers.MethodInvocationHelper.invokeMethodConsideringTimeout(MethodInvocationHelper.java:69)
at org.testng.internal.invokers.ConfigInvoker.invokeConfigurationMethod(ConfigInvoker.java:361)
at org.testng.internal.invokers.ConfigInvoker.invokeConfigurations(ConfigInvoker.java:296)
at org.testng.internal.invokers.TestInvoker.runConfigMethods(TestInvoker.java:823)
at org.testng.internal.invokers.TestInvoker.invokeMethod(TestInvoker.java:590)
at org.testng.internal.invokers.TestInvoker.invokeTestMethod(TestInvoker.java:221)
at org.testng.internal.invokers.MethodRunner.runInSequence(MethodRunner.java:50)
at org.testng.internal.invokers.TestInvoker$MethodInvocationAgent.invoke(TestInvoker.java:969)
at org.testng.internal.invokers.TestInvoker.invokeTestMethods(TestInvoker.java:194)
at org.testng.internal.invokers.TestMethodWorker.invokeTestMethods(TestMethodWorker.java:148)
at org.testng.internal.invokers.TestMethodWorker.run(TestMethodWorker.java:128)
at java.base/java.util.ArrayList.forEach(ArrayList.java:1511)
at org.testng.TestRunner.privateRun(TestRunner.java:829)
at org.testng.TestRunner.run(TestRunner.java:602)
at org.testng.SuiteRunner.runTest(SuiteRunner.java:437)
at org.testng.SuiteRunner$SuiteWorker.run(SuiteRunner.java:475)
at org.testng.internal.thread.ThreadUtil.lambda$execute$0(ThreadUtil.java:58)
at java.base/java.util.concurrent.FutureTask.run(FutureTask.java:264)
at java.base/java.util.concurrent.ThreadPoolExecutor.runWorker(ThreadPoolExecutor.java:1136)
at java.base/java.util.concurrent.ThreadPoolExecutor$Worker.run(ThreadPoolExecutor.java:635)
at java.base/java.lang.Thread.run(Thread.java:833)
]]>
    </error>
  </testcase> <!-- setup -->
  <system-out/>
  <testcase classname="tests.FooterTests" name="testLocationFooterLinks" time="0.000">
    <skipped/>
  </testcase> <!-- testLocationFooterLinks -->
  <system-out/>
  <testcase classname="tests.FooterTests" name="testProductsFooterLinks" time="5.841"/>
  <system-out/>
  <testcase classname="tests.FooterTests" name="testForumFooterLinks" time="0.000">
    <skipped/>
  </testcase> <!-- testForumFooterLinks -->
  <system-out/>
  <testcase classname="tests.FooterTests" name="testAboutUsFooterLinks" time="0.000">
    <skipped/>
  </testcase> <!-- testAboutUsFooterLinks -->
  <system-out/>
  <testcase classname="tests.FooterTests" name="testSiteMapFooterLinks" time="20.875"/>
  <system-out/>
  <testcase classname="tests.FooterTests" name="testForumFooterLinks" time="14.637"/>
  <system-out/>
  <testcase classname="tests.FooterTests" name="testServicesFooterLinks" time="20.845"/>
  <system-out/>
  <testcase classname="tests.FooterTests" name="testContactUsFooterLinks" time="4.405"/>
  <system-out/>
  <testcase classname="tests.FooterTests" name="testProductsFooterLinks" time="34.749"/>
  <system-out/>
  <testcase classname="tests.FooterTests" name="testLocationFooterLinks" time="12.206"/>
  <system-out/>
  <testcase classname="tests.FooterTests" name="testHomeFooterLinks" time="0.000">
    <skipped/>
  </testcase> <!-- testHomeFooterLinks -->
  <system-out/>
  <testcase classname="tests.FooterTests" name="testAboutUsFooterLinks" time="5.341"/>
  <system-out/>
  <testcase classname="tests.FooterTests" name="testForumFooterLinks" time="7.545"/>
  <system-out/>
  <testcase classname="tests.FooterTests" name="testAboutUsFooterLinks" time="5.379"/>
  <system-out/>
  <testcase classname="tests.FooterTests" name="testHomeFooterLinks" time="21.506"/>
  <system-out/>
  <testcase classname="tests.FooterTests" name="testProductsFooterLinks" time="0.000">
    <skipped/>
  </testcase> <!-- testProductsFooterLinks -->
  <system-out/>
  <testcase classname="tests.FooterTests" name="testServicesFooterLinks" time="0.000">
    <skipped/>
  </testcase> <!-- testServicesFooterLinks -->
  <system-out/>
  <testcase classname="tests.FooterTests" name="testSiteMapFooterLinks" time="6.036"/>
  <system-out/>
  <testcase classname="tests.FooterTests" name="testHomeFooterLinks" time="4.902"/>
  <system-out/>
  <testcase classname="tests.FooterTests" name="testServicesFooterLinks" time="6.107"/>
  <system-out/>
  <testcase classname="tests.FooterTests" name="testLocationFooterLinks" time="13.199"/>
  <system-out/>
</testsuite> <!-- tests.FooterTests -->
